<?xml version="1.0" encoding="UTF-8"?>
<testng-results ignored="0" total="1" passed="1" failed="0" skipped="0">
  <reporter-output>
  </reporter-output>
  <suite started-at="2022-09-13T17:45:42 IST" name="Suite" finished-at="2022-09-13T17:47:38 IST" duration-ms="116054">
    <groups>
    </groups>
    <test started-at="2022-09-13T17:45:42 IST" name="Test" finished-at="2022-09-13T17:47:38 IST" duration-ms="116054">
      <class name="com.selenium.Incognito">
        <test-method signature="test()[pri:0, instance:com.selenium.Incognito@a530d0a]" started-at="2022-09-13T17:45:42 IST" name="test" finished-at="2022-09-13T17:47:38 IST" duration-ms="115914" status="PASS">
          <reporter-output>
          </reporter-output>
        </test-method> <!-- test -->
      </class> <!-- com.selenium.Incognito -->
    </test> <!-- Test -->
  </suite> <!-- Suite -->
</testng-results>
