<?xml version="1.0" encoding="UTF-8"?>
<testng-results ignored="0" total="1" passed="1" failed="0" skipped="0">
  <reporter-output>
  </reporter-output>
  <suite started-at="2022-09-14T11:18:29 IST" name="Default suite" finished-at="2022-09-14T11:18:56 IST" duration-ms="26070">
    <groups>
    </groups>
    <test started-at="2022-09-14T11:18:29 IST" name="Default test" finished-at="2022-09-14T11:18:56 IST" duration-ms="26070">
      <class name="com.phptravels.scripts.LoginPageTest">
        <test-method is-config="true" signature="openApp()[pri:0, instance:com.phptravels.scripts.LoginPageTest@25fb8912]" started-at="2022-09-14T11:18:30 IST" name="openApp" finished-at="2022-09-14T11:18:49 IST" duration-ms="19817" status="PASS">
          <reporter-output>
          </reporter-output>
        </test-method> <!-- openApp -->
        <test-method signature="testLoginPage()[pri:0, instance:com.phptravels.scripts.LoginPageTest@25fb8912]" started-at="2022-09-14T11:18:49 IST" name="testLoginPage" finished-at="2022-09-14T11:18:53 IST" duration-ms="3675" status="PASS">
          <reporter-output>
          </reporter-output>
        </test-method> <!-- testLoginPage -->
        <test-method is-config="true" signature="tearDown(org.testng.ITestResult)[pri:0, instance:com.phptravels.scripts.LoginPageTest@25fb8912]" started-at="2022-09-14T11:18:53 IST" name="tearDown" finished-at="2022-09-14T11:18:56 IST" duration-ms="2503" status="PASS">
          <params>
            <param index="0">
              <value>
                <![CDATA[[TestResult name=testLoginPage status=SUCCESS method=LoginPageTest.testLoginPage()[pri:0, instance:com.phptravels.scripts.LoginPageTest@25fb8912] output={null}]]]>
              </value>
            </param>
          </params>
          <reporter-output>
          </reporter-output>
        </test-method> <!-- tearDown -->
      </class> <!-- com.phptravels.scripts.LoginPageTest -->
    </test> <!-- Default test -->
  </suite> <!-- Default suite -->
</testng-results>
